# JRE version: OpenJDK Runtime Environment (11.0+28) (build 11+28)
# Java VM: OpenJDK 64-Bit Server VM (11+28, mixed mode, tiered, compressed oops, g1 gc, bsd-amd64)
Heap:
 garbage-first heap   total 398336K, used 285088K [0x00000007c0000000, 0x0000000800000000)
  region size 1024K, 17 young (17408K), 7 survivors (7168K)
 Metaspace       used 250028K, capacity 265833K, committed 265936K, reserved 1275904K
  class space    used 33014K, capacity 40269K, committed 40320K, reserved 1048576K
GC Heap History (10 events):
Event: 4695.773 GC heap before
{Heap before GC invocations=629 (full 0):
 garbage-first heap   total 398336K, used 278698K [0x00000007c0000000, 0x0000000800000000)
  region size 1024K, 19 young (19456K), 7 survivors (7168K)
 Metaspace       used 249503K, capacity 265248K, committed 265552K, reserved 1275904K
  class space    used 32917K, capacity 40127K, committed 40192K, reserved 1048576K
}
Event: 4695.806 GC heap after
{Heap after GC invocations=630 (full 0):
 garbage-first heap   total 398336K, used 265536K [0x00000007c0000000, 0x0000000800000000)
  region size 1024K, 1 young (1024K), 1 survivors (1024K)
 Metaspace       used 249503K, capacity 265248K, committed 265552K, reserved 1275904K
  class space    used 32917K, capacity 40127K, committed 40192K, reserved 1048576K
}
Event: 4701.180 GC heap before
{Heap before GC invocations=630 (full 0):
 garbage-first heap   total 398336K, used 271680K [0x00000007c0000000, 0x0000000800000000)
  region size 1024K, 8 young (8192K), 1 survivors (1024K)
 Metaspace       used 249503K, capacity 265248K, committed 265552K, reserved 1275904K
  class space    used 32917K, capacity 40127K, committed 40192K, reserved 1048576K
}
Event: 4701.204 GC heap after
{Heap after GC invocations=631 (full 0):
 garbage-first heap   total 398336K, used 265381K [0x00000007c0000000, 0x0000000800000000)
  region size 1024K, 1 young (1024K), 1 survivors (1024K)
 Metaspace       used 249503K, capacity 265248K, committed 265552K, reserved 1275904K
  class space    used 32917K, capacity 40127K, committed 40192K, reserved 1048576K
}
Event: 4702.601 GC heap before
{Heap before GC invocations=632 (full 0):
 garbage-first heap   total 398336K, used 321701K [0x00000007c0000000, 0x0000000800000000)
  region size 1024K, 58 young (59392K), 1 survivors (1024K)
 Metaspace       used 249511K, capacity 265252K, committed 265552K, reserved 1275904K
  class space    used 32917K, capacity 40127K, committed 40192K, reserved 1048576K
}
Event: 4702.645 GC heap after
{Heap after GC invocations=633 (full 0):
 garbage-first heap   total 398336K, used 274317K [0x00000007c0000000, 0x0000000800000000)
  region size 1024K, 8 young (8192K), 8 survivors (8192K)
 Metaspace       used 249511K, capacity 265252K, committed 265552K, reserved 1275904K
  class space    used 32917K, capacity 40127K, committed 40192K, reserved 1048576K
}
Event: 4705.072 GC heap before
{Heap before GC invocations=633 (full 0):
 garbage-first heap   total 398336K, used 285581K [0x00000007c0000000, 0x0000000800000000)
  region size 1024K, 19 young (19456K), 8 survivors (8192K)
 Metaspace       used 249517K, capacity 265254K, committed 265552K, reserved 1275904K
  class space    used 32917K, capacity 40127K, committed 40192K, reserved 1048576K
}
Event: 4705.113 GC heap after
{Heap after GC invocations=634 (full 0):
 garbage-first heap   total 398336K, used 276736K [0x00000007c0000000, 0x0000000800000000)
  region size 1024K, 3 young (3072K), 3 survivors (3072K)
 Metaspace       used 249517K, capacity 265254K, committed 265552K, reserved 1275904K
  class space    used 32917K, capacity 40127K, committed 40192K, reserved 1048576K
}
Event: 4710.371 GC heap before
{Heap before GC invocations=634 (full 0):
 garbage-first heap   total 398336K, used 310528K [0x00000007c0000000, 0x0000000800000000)
  region size 1024K, 37 young (37888K), 3 survivors (3072K)
 Metaspace       used 249518K, capacity 265254K, committed 265552K, reserved 1275904K
  class space    used 32917K, capacity 40127K, committed 40192K, reserved 1048576K
}
Event: 4710.401 GC heap after
{Heap after GC invocations=635 (full 0):
 garbage-first heap   total 398336K, used 279968K [0x00000007c0000000, 0x0000000800000000)
  region size 1024K, 7 young (7168K), 7 survivors (7168K)
 Metaspace       used 249518K, capacity 265254K, committed 265552K, reserved 1275904K
  class space    used 32917K, capacity 40127K, committed 40192K, reserved 1048576K
}

