# JRE version: OpenJDK Runtime Environment (11.0+28) (build 11+28)
# Java VM: OpenJDK 64-Bit Server VM (11+28, mixed mode, tiered, compressed oops, g1 gc, bsd-amd64)
Heap:
 garbage-first heap   total 384000K, used 262019K [0x00000007c0000000, 0x0000000800000000)
  region size 1024K, 17 young (17408K), 6 survivors (6144K)
 Metaspace       used 242411K, capacity 258180K, committed 258384K, reserved 1269760K
  class space    used 31808K, capacity 38900K, committed 38912K, reserved 1048576K
GC Heap History (10 events):
Event: 3231.948 GC heap before
{Heap before GC invocations=1436 (full 0):
 garbage-first heap   total 384000K, used 240619K [0x00000007c0000000, 0x0000000800000000)
  region size 1024K, 10 young (10240K), 3 survivors (3072K)
 Metaspace       used 241840K, capacity 257591K, committed 257744K, reserved 1269760K
  class space    used 31705K, capacity 38751K, committed 38784K, reserved 1048576K
}
Event: 3231.957 GC heap after
{Heap after GC invocations=1437 (full 0):
 garbage-first heap   total 384000K, used 234510K [0x00000007c0000000, 0x0000000800000000)
  region size 1024K, 3 young (3072K), 3 survivors (3072K)
 Metaspace       used 241840K, capacity 257591K, committed 257744K, reserved 1269760K
  class space    used 31705K, capacity 38751K, committed 38784K, reserved 1048576K
}
Event: 3235.496 GC heap before
{Heap before GC invocations=1438 (full 0):
 garbage-first heap   total 384000K, used 289806K [0x00000007c0000000, 0x0000000800000000)
  region size 1024K, 55 young (56320K), 3 survivors (3072K)
 Metaspace       used 241889K, capacity 257612K, committed 257744K, reserved 1269760K
  class space    used 31710K, capacity 38757K, committed 38784K, reserved 1048576K
}
Event: 3235.505 GC heap after
{Heap after GC invocations=1439 (full 0):
 garbage-first heap   total 384000K, used 243370K [0x00000007c0000000, 0x0000000800000000)
  region size 1024K, 7 young (7168K), 7 survivors (7168K)
 Metaspace       used 241889K, capacity 257612K, committed 257744K, reserved 1269760K
  class space    used 31710K, capacity 38757K, committed 38784K, reserved 1048576K
}
Event: 3235.646 GC heap before
{Heap before GC invocations=1439 (full 0):
 garbage-first heap   total 384000K, used 254634K [0x00000007c0000000, 0x0000000800000000)
  region size 1024K, 18 young (18432K), 7 survivors (7168K)
 Metaspace       used 241889K, capacity 257612K, committed 257744K, reserved 1269760K
  class space    used 31710K, capacity 38757K, committed 38784K, reserved 1048576K
}
Event: 3235.664 GC heap after
{Heap after GC invocations=1440 (full 0):
 garbage-first heap   total 384000K, used 244534K [0x00000007c0000000, 0x0000000800000000)
  region size 1024K, 3 young (3072K), 3 survivors (3072K)
 Metaspace       used 241889K, capacity 257612K, committed 257744K, reserved 1269760K
  class space    used 31710K, capacity 38757K, committed 38784K, reserved 1048576K
}
Event: 3236.268 GC heap before
{Heap before GC invocations=1440 (full 0):
 garbage-first heap   total 384000K, used 251702K [0x00000007c0000000, 0x0000000800000000)
  region size 1024K, 11 young (11264K), 3 survivors (3072K)
 Metaspace       used 241901K, capacity 257613K, committed 257744K, reserved 1269760K
  class space    used 31710K, capacity 38757K, committed 38784K, reserved 1048576K
}
Event: 3236.274 GC heap after
{Heap after GC invocations=1441 (full 0):
 garbage-first heap   total 384000K, used 245948K [0x00000007c0000000, 0x0000000800000000)
  region size 1024K, 5 young (5120K), 5 survivors (5120K)
 Metaspace       used 241901K, capacity 257613K, committed 257744K, reserved 1269760K
  class space    used 31710K, capacity 38757K, committed 38784K, reserved 1048576K
}
Event: 3236.861 GC heap before
{Heap before GC invocations=1442 (full 0):
 garbage-first heap   total 384000K, used 288956K [0x00000007c0000000, 0x0000000800000000)
  region size 1024K, 48 young (49152K), 5 survivors (5120K)
 Metaspace       used 242302K, capacity 258073K, committed 258384K, reserved 1269760K
  class space    used 31774K, capacity 38855K, committed 38912K, reserved 1048576K
}
Event: 3236.871 GC heap after
{Heap after GC invocations=1443 (full 0):
 garbage-first heap   total 384000K, used 251779K [0x00000007c0000000, 0x0000000800000000)
  region size 1024K, 6 young (6144K), 6 survivors (6144K)
 Metaspace       used 242302K, capacity 258073K, committed 258384K, reserved 1269760K
  class space    used 31774K, capacity 38855K, committed 38912K, reserved 1048576K
}

