# JRE version: OpenJDK Runtime Environment (11.0+28) (build 11+28)
# Java VM: OpenJDK 64-Bit Server VM (11+28, mixed mode, tiered, compressed oops, g1 gc, bsd-amd64)
Heap:
 garbage-first heap   total 348160K, used 291191K [0x00000007c0000000, 0x0000000800000000)
  region size 1024K, 42 young (43008K), 1 survivors (1024K)
 Metaspace       used 236725K, capacity 252859K, committed 253112K, reserved 1265664K
  class space    used 30949K, capacity 37973K, committed 38072K, reserved 1048576K
GC Heap History (10 events):
Event: 7502.068 GC heap before
{Heap before GC invocations=2073 (full 0):
 garbage-first heap   total 348160K, used 264376K [0x00000007c0000000, 0x0000000800000000)
  region size 1024K, 17 young (17408K), 4 survivors (4096K)
 Metaspace       used 236710K, capacity 252857K, committed 253112K, reserved 1265664K
  class space    used 30949K, capacity 37973K, committed 38072K, reserved 1048576K
}
Event: 7502.116 GC heap after
{Heap after GC invocations=2074 (full 0):
 garbage-first heap   total 348160K, used 250393K [0x00000007c0000000, 0x0000000800000000)
  region size 1024K, 2 young (2048K), 2 survivors (2048K)
 Metaspace       used 236710K, capacity 252857K, committed 253112K, reserved 1265664K
  class space    used 30949K, capacity 37973K, committed 38072K, reserved 1048576K
}
Event: 7505.388 GC heap before
{Heap before GC invocations=2074 (full 0):
 garbage-first heap   total 348160K, used 275993K [0x00000007c0000000, 0x0000000800000000)
  region size 1024K, 28 young (28672K), 2 survivors (2048K)
 Metaspace       used 236710K, capacity 252857K, committed 253112K, reserved 1265664K
  class space    used 30949K, capacity 37973K, committed 38072K, reserved 1048576K
}
Event: 7505.396 GC heap after
{Heap after GC invocations=2075 (full 0):
 garbage-first heap   total 348160K, used 251133K [0x00000007c0000000, 0x0000000800000000)
  region size 1024K, 2 young (2048K), 2 survivors (2048K)
 Metaspace       used 236710K, capacity 252857K, committed 253112K, reserved 1265664K
  class space    used 30949K, capacity 37973K, committed 38072K, reserved 1048576K
}
Event: 7507.058 GC heap before
{Heap before GC invocations=2076 (full 0):
 garbage-first heap   total 348160K, used 300285K [0x00000007c0000000, 0x0000000800000000)
  region size 1024K, 51 young (52224K), 2 survivors (2048K)
 Metaspace       used 236722K, capacity 252858K, committed 253112K, reserved 1265664K
  class space    used 30949K, capacity 37973K, committed 38072K, reserved 1048576K
}
Event: 7507.063 GC heap after
{Heap after GC invocations=2077 (full 0):
 garbage-first heap   total 348160K, used 252686K [0x00000007c0000000, 0x0000000800000000)
  region size 1024K, 4 young (4096K), 4 survivors (4096K)
 Metaspace       used 236722K, capacity 252858K, committed 253112K, reserved 1265664K
  class space    used 30949K, capacity 37973K, committed 38072K, reserved 1048576K
}
Event: 7507.139 GC heap before
{Heap before GC invocations=2077 (full 0):
 garbage-first heap   total 348160K, used 264974K [0x00000007c0000000, 0x0000000800000000)
  region size 1024K, 17 young (17408K), 4 survivors (4096K)
 Metaspace       used 236722K, capacity 252858K, committed 253112K, reserved 1265664K
  class space    used 30949K, capacity 37973K, committed 38072K, reserved 1048576K
}
Event: 7507.164 GC heap after
{Heap after GC invocations=2078 (full 0):
 garbage-first heap   total 348160K, used 250151K [0x00000007c0000000, 0x0000000800000000)
  region size 1024K, 1 young (1024K), 1 survivors (1024K)
 Metaspace       used 236722K, capacity 252858K, committed 253112K, reserved 1265664K
  class space    used 30949K, capacity 37973K, committed 38072K, reserved 1048576K
}
Event: 7507.174 GC heap before
{Heap before GC invocations=2078 (full 0):
 garbage-first heap   total 348160K, used 251175K [0x00000007c0000000, 0x0000000800000000)
  region size 1024K, 3 young (3072K), 1 survivors (1024K)
 Metaspace       used 236722K, capacity 252858K, committed 253112K, reserved 1265664K
  class space    used 30949K, capacity 37973K, committed 38072K, reserved 1048576K
}
Event: 7507.180 GC heap after
{Heap after GC invocations=2079 (full 0):
 garbage-first heap   total 348160K, used 250231K [0x00000007c0000000, 0x0000000800000000)
  region size 1024K, 1 young (1024K), 1 survivors (1024K)
 Metaspace       used 236722K, capacity 252858K, committed 253112K, reserved 1265664K
  class space    used 30949K, capacity 37973K, committed 38072K, reserved 1048576K
}

