# JRE version: OpenJDK Runtime Environment (11.0+28) (build 11+28)
# Java VM: OpenJDK 64-Bit Server VM (11+28, mixed mode, tiered, compressed oops, g1 gc, linux-amd64)
Heap:
 garbage-first heap   total 350208K, used 216133K [0x00000000c0000000, 0x0000000100000000)
  region size 1024K, 47 young (48128K), 2 survivors (2048K)
 Metaspace       used 246561K, capacity 262841K, committed 263036K, reserved 1273856K
  class space    used 32255K, capacity 39177K, committed 39212K, reserved 1048576K
GC Heap History (10 events):
Event: 30930.229 GC heap before
{Heap before GC invocations=1612 (full 0):
 garbage-first heap   total 350208K, used 201261K [0x00000000c0000000, 0x0000000100000000)
  region size 1024K, 17 young (17408K), 9 survivors (9216K)
 Metaspace       used 246318K, capacity 262478K, committed 262780K, reserved 1273856K
  class space    used 32213K, capacity 39117K, committed 39212K, reserved 1048576K
}
Event: 30930.241 GC heap after
{Heap after GC invocations=1613 (full 0):
 garbage-first heap   total 350208K, used 183377K [0x00000000c0000000, 0x0000000100000000)
  region size 1024K, 3 young (3072K), 3 survivors (3072K)
 Metaspace       used 246318K, capacity 262478K, committed 262780K, reserved 1273856K
  class space    used 32213K, capacity 39117K, committed 39212K, reserved 1048576K
}
Event: 30940.895 GC heap before
{Heap before GC invocations=1613 (full 0):
 garbage-first heap   total 350208K, used 184401K [0x00000000c0000000, 0x0000000100000000)
  region size 1024K, 5 young (5120K), 3 survivors (3072K)
 Metaspace       used 246318K, capacity 262478K, committed 262780K, reserved 1273856K
  class space    used 32213K, capacity 39117K, committed 39212K, reserved 1048576K
}
Event: 30940.906 GC heap after
{Heap after GC invocations=1614 (full 0):
 garbage-first heap   total 350208K, used 182755K [0x00000000c0000000, 0x0000000100000000)
  region size 1024K, 2 young (2048K), 2 survivors (2048K)
 Metaspace       used 246318K, capacity 262478K, committed 262780K, reserved 1273856K
  class space    used 32213K, capacity 39117K, committed 39212K, reserved 1048576K
}
Event: 31043.768 GC heap before
{Heap before GC invocations=1615 (full 0):
 garbage-first heap   total 350208K, used 262627K [0x00000000c0000000, 0x0000000100000000)
  region size 1024K, 89 young (91136K), 2 survivors (2048K)
 Metaspace       used 246374K, capacity 262542K, committed 262780K, reserved 1273856K
  class space    used 32226K, capacity 39117K, committed 39212K, reserved 1048576K
}
Event: 31043.773 GC heap after
{Heap after GC invocations=1616 (full 0):
 garbage-first heap   total 350208K, used 176422K [0x00000000c0000000, 0x0000000100000000)
  region size 1024K, 4 young (4096K), 4 survivors (4096K)
 Metaspace       used 246374K, capacity 262542K, committed 262780K, reserved 1273856K
  class space    used 32226K, capacity 39117K, committed 39212K, reserved 1048576K
}
Event: 31059.200 GC heap before
{Heap before GC invocations=1616 (full 0):
 garbage-first heap   total 350208K, used 188710K [0x00000000c0000000, 0x0000000100000000)
  region size 1024K, 17 young (17408K), 4 survivors (4096K)
 Metaspace       used 246374K, capacity 262542K, committed 262780K, reserved 1273856K
  class space    used 32226K, capacity 39117K, committed 39212K, reserved 1048576K
}
Event: 31059.210 GC heap after
{Heap after GC invocations=1617 (full 0):
 garbage-first heap   total 350208K, used 175587K [0x00000000c0000000, 0x0000000100000000)
  region size 1024K, 1 young (1024K), 1 survivors (1024K)
 Metaspace       used 246374K, capacity 262542K, committed 262780K, reserved 1273856K
  class space    used 32226K, capacity 39117K, committed 39212K, reserved 1048576K
}
Event: 31060.180 GC heap before
{Heap before GC invocations=1617 (full 0):
 garbage-first heap   total 350208K, used 240099K [0x00000000c0000000, 0x0000000100000000)
  region size 1024K, 66 young (67584K), 1 survivors (1024K)
 Metaspace       used 246389K, capacity 262606K, committed 262780K, reserved 1273856K
  class space    used 32227K, capacity 39117K, committed 39212K, reserved 1048576K
}
Event: 31060.189 GC heap after
{Heap after GC invocations=1618 (full 0):
 garbage-first heap   total 350208K, used 176197K [0x00000000c0000000, 0x0000000100000000)
  region size 1024K, 2 young (2048K), 2 survivors (2048K)
 Metaspace       used 246389K, capacity 262606K, committed 262780K, reserved 1273856K
  class space    used 32227K, capacity 39117K, committed 39212K, reserved 1048576K
}

