# JRE version: OpenJDK Runtime Environment (11.0+28) (build 11+28)
# Java VM: OpenJDK 64-Bit Server VM (11+28, mixed mode, tiered, compressed oops, g1 gc, linux-amd64)
Heap:
 garbage-first heap   total 309248K, used 205139K [0x00000000c0000000, 0x0000000100000000)
  region size 1024K, 57 young (58368K), 2 survivors (2048K)
 Metaspace       used 210177K, capacity 224231K, committed 224464K, reserved 1241088K
  class space    used 27504K, capacity 33534K, committed 33536K, reserved 1048576K
GC Heap History (10 events):
Event: 6114.108 GC heap before
{Heap before GC invocations=751 (full 0):
 garbage-first heap   total 309248K, used 221570K [0x00000000c0000000, 0x0000000100000000)
  region size 1024K, 77 young (78848K), 2 survivors (2048K)
 Metaspace       used 210084K, capacity 224100K, committed 224208K, reserved 1241088K
  class space    used 27504K, capacity 33534K, committed 33536K, reserved 1048576K
}
Event: 6114.118 GC heap after
{Heap after GC invocations=752 (full 0):
 garbage-first heap   total 309248K, used 155778K [0x00000000c0000000, 0x0000000100000000)
  region size 1024K, 10 young (10240K), 10 survivors (10240K)
 Metaspace       used 210084K, capacity 224100K, committed 224208K, reserved 1241088K
  class space    used 27504K, capacity 33534K, committed 33536K, reserved 1048576K
}
Event: 6117.412 GC heap before
{Heap before GC invocations=752 (full 0):
 garbage-first heap   total 309248K, used 229506K [0x00000000c0000000, 0x0000000100000000)
  region size 1024K, 83 young (84992K), 10 survivors (10240K)
 Metaspace       used 210086K, capacity 224100K, committed 224208K, reserved 1241088K
  class space    used 27504K, capacity 33534K, committed 33536K, reserved 1048576K
}
Event: 6117.419 GC heap after
{Heap after GC invocations=753 (full 0):
 garbage-first heap   total 309248K, used 157656K [0x00000000c0000000, 0x0000000100000000)
  region size 1024K, 2 young (2048K), 2 survivors (2048K)
 Metaspace       used 210086K, capacity 224100K, committed 224208K, reserved 1241088K
  class space    used 27504K, capacity 33534K, committed 33536K, reserved 1048576K
}
Event: 6121.163 GC heap before
{Heap before GC invocations=753 (full 0):
 garbage-first heap   total 309248K, used 198616K [0x00000000c0000000, 0x0000000100000000)
  region size 1024K, 43 young (44032K), 2 survivors (2048K)
 Metaspace       used 210086K, capacity 224100K, committed 224208K, reserved 1241088K
  class space    used 27504K, capacity 33534K, committed 33536K, reserved 1048576K
}
Event: 6121.167 GC heap after
{Heap after GC invocations=754 (full 0):
 garbage-first heap   total 309248K, used 157257K [0x00000000c0000000, 0x0000000100000000)
  region size 1024K, 2 young (2048K), 2 survivors (2048K)
 Metaspace       used 210086K, capacity 224100K, committed 224208K, reserved 1241088K
  class space    used 27504K, capacity 33534K, committed 33536K, reserved 1048576K
}
Event: 6127.267 GC heap before
{Heap before GC invocations=755 (full 0):
 garbage-first heap   total 309248K, used 226889K [0x00000000c0000000, 0x0000000100000000)
  region size 1024K, 81 young (82944K), 2 survivors (2048K)
 Metaspace       used 210136K, capacity 224132K, committed 224208K, reserved 1241088K
  class space    used 27504K, capacity 33534K, committed 33536K, reserved 1048576K
}
Event: 6127.273 GC heap after
{Heap after GC invocations=756 (full 0):
 garbage-first heap   total 309248K, used 154507K [0x00000000c0000000, 0x0000000100000000)
  region size 1024K, 9 young (9216K), 9 survivors (9216K)
 Metaspace       used 210136K, capacity 224132K, committed 224208K, reserved 1241088K
  class space    used 27504K, capacity 33534K, committed 33536K, reserved 1048576K
}
Event: 6127.295 GC heap before
{Heap before GC invocations=756 (full 0):
 garbage-first heap   total 309248K, used 159627K [0x00000000c0000000, 0x0000000100000000)
  region size 1024K, 15 young (15360K), 9 survivors (9216K)
 Metaspace       used 210142K, capacity 224150K, committed 224208K, reserved 1241088K
  class space    used 27504K, capacity 33534K, committed 33536K, reserved 1048576K
}
Event: 6127.308 GC heap after
{Heap after GC invocations=757 (full 0):
 garbage-first heap   total 309248K, used 145747K [0x00000000c0000000, 0x0000000100000000)
  region size 1024K, 2 young (2048K), 2 survivors (2048K)
 Metaspace       used 210142K, capacity 224150K, committed 224208K, reserved 1241088K
  class space    used 27504K, capacity 33534K, committed 33536K, reserved 1048576K
}

