# JRE version: OpenJDK Runtime Environment (11.0+28) (build 11+28)
# Java VM: OpenJDK 64-Bit Server VM (11+28, mixed mode, tiered, compressed oops, g1 gc, linux-amd64)
Heap:
 garbage-first heap   total 256000K, used 210732K [0x00000000c0000000, 0x0000000100000000)
  region size 1024K, 8 young (8192K), 2 survivors (2048K)
 Metaspace       used 244773K, capacity 261411K, committed 261588K, reserved 1271808K
  class space    used 32110K, capacity 39317K, committed 39372K, reserved 1048576K
GC Heap History (10 events):
Event: 6576.416 GC heap before
{Heap before GC invocations=1214 (full 0):
 garbage-first heap   total 256000K, used 219018K [0x00000000c0000000, 0x0000000100000000)
  region size 1024K, 13 young (13312K), 2 survivors (2048K)
 Metaspace       used 244758K, capacity 261405K, committed 261588K, reserved 1271808K
  class space    used 32110K, capacity 39317K, committed 39372K, reserved 1048576K
}
Event: 6576.424 GC heap after
{Heap after GC invocations=1215 (full 0):
 garbage-first heap   total 256000K, used 209608K [0x00000000c0000000, 0x0000000100000000)
  region size 1024K, 2 young (2048K), 2 survivors (2048K)
 Metaspace       used 244758K, capacity 261405K, committed 261588K, reserved 1271808K
  class space    used 32110K, capacity 39317K, committed 39372K, reserved 1048576K
}
Event: 6577.039 GC heap before
{Heap before GC invocations=1215 (full 0):
 garbage-first heap   total 256000K, used 219848K [0x00000000c0000000, 0x0000000100000000)
  region size 1024K, 12 young (12288K), 2 survivors (2048K)
 Metaspace       used 244758K, capacity 261405K, committed 261588K, reserved 1271808K
  class space    used 32110K, capacity 39317K, committed 39372K, reserved 1048576K
}
Event: 6577.045 GC heap after
{Heap after GC invocations=1216 (full 0):
 garbage-first heap   total 256000K, used 207299K [0x00000000c0000000, 0x0000000100000000)
  region size 1024K, 2 young (2048K), 2 survivors (2048K)
 Metaspace       used 244758K, capacity 261405K, committed 261588K, reserved 1271808K
  class space    used 32110K, capacity 39317K, committed 39372K, reserved 1048576K
}
Event: 6577.501 GC heap before
{Heap before GC invocations=1216 (full 0):
 garbage-first heap   total 256000K, used 219587K [0x00000000c0000000, 0x0000000100000000)
  region size 1024K, 14 young (14336K), 2 survivors (2048K)
 Metaspace       used 244758K, capacity 261405K, committed 261588K, reserved 1271808K
  class space    used 32110K, capacity 39317K, committed 39372K, reserved 1048576K
}
Event: 6577.511 GC heap after
{Heap after GC invocations=1217 (full 0):
 garbage-first heap   total 256000K, used 209690K [0x00000000c0000000, 0x0000000100000000)
  region size 1024K, 2 young (2048K), 2 survivors (2048K)
 Metaspace       used 244758K, capacity 261405K, committed 261588K, reserved 1271808K
  class space    used 32110K, capacity 39317K, committed 39372K, reserved 1048576K
}
Event: 6577.635 GC heap before
{Heap before GC invocations=1217 (full 0):
 garbage-first heap   total 256000K, used 217882K [0x00000000c0000000, 0x0000000100000000)
  region size 1024K, 13 young (13312K), 2 survivors (2048K)
 Metaspace       used 244762K, capacity 261405K, committed 261588K, reserved 1271808K
  class space    used 32110K, capacity 39317K, committed 39372K, reserved 1048576K
}
Event: 6577.639 GC heap after
{Heap after GC invocations=1218 (full 0):
 garbage-first heap   total 256000K, used 208843K [0x00000000c0000000, 0x0000000100000000)
  region size 1024K, 2 young (2048K), 2 survivors (2048K)
 Metaspace       used 244762K, capacity 261405K, committed 261588K, reserved 1271808K
  class space    used 32110K, capacity 39317K, committed 39372K, reserved 1048576K
}
Event: 6577.706 GC heap before
{Heap before GC invocations=1219 (full 0):
 garbage-first heap   total 256000K, used 221131K [0x00000000c0000000, 0x0000000100000000)
  region size 1024K, 14 young (14336K), 2 survivors (2048K)
 Metaspace       used 244773K, capacity 261411K, committed 261588K, reserved 1271808K
  class space    used 32110K, capacity 39317K, committed 39372K, reserved 1048576K
}
Event: 6577.709 GC heap after
{Heap after GC invocations=1220 (full 0):
 garbage-first heap   total 256000K, used 211805K [0x00000000c0000000, 0x0000000100000000)
  region size 1024K, 2 young (2048K), 2 survivors (2048K)
 Metaspace       used 244773K, capacity 261411K, committed 261588K, reserved 1271808K
  class space    used 32110K, capacity 39317K, committed 39372K, reserved 1048576K
}

